<?xml version="1.0" encoding="UTF-8"?>
<!-- Generated by org.testng.reporters.JUnitReportReporter -->
<testsuite hostname="sai" name="com.hrms.Testscript.TC_102_Add_NewEmp" tests="1" failures="0" timestamp="23 Jun 2021 15:45:13 GMT" time="36.940" errors="0">
  <testcase name="tc_102" time="36.940" classname="com.hrms.Testscript.TC_102_Add_NewEmp"/>
</testsuite> <!-- com.hrms.Testscript.TC_102_Add_NewEmp -->
