<?xml version="1.0" encoding="UTF-8"?>
<!-- Generated by org.testng.reporters.JUnitReportReporter -->
<testsuite hostname="sai" name="com.hrms.Testscript.TC_103_DeleteEmp" tests="1" failures="0" timestamp="23 Jun 2021 15:45:13 GMT" time="43.620" errors="0">
  <testcase name="tc_103" time="43.620" classname="com.hrms.Testscript.TC_103_DeleteEmp"/>
</testsuite> <!-- com.hrms.Testscript.TC_103_DeleteEmp -->
