<?xml version="1.0" encoding="UTF-8"?>
<!-- Generated by org.testng.reporters.JUnitReportReporter -->
<testsuite hostname="sai" name="com.hrms.Testscript.TC_101_VerifyLogin" tests="2" failures="0" timestamp="23 Jun 2021 15:45:13 GMT" time="82.473" errors="0">
  <testcase name="tc_101" time="25.618" classname="com.hrms.Testscript.TC_101_VerifyLogin"/>
  <testcase name="tc_101" time="56.855" classname="com.hrms.Testscript.TC_101_VerifyLogin"/>
</testsuite> <!-- com.hrms.Testscript.TC_101_VerifyLogin -->
